<?xml version="1.0" encoding="UTF-8"?>
<!-- Generated by org.testng.reporters.JUnitReportReporter -->
<testsuite skipped="0" hostname="Riyaz" name="com.qa.SelectDropdown.WithoutUsingSelect" tests="1" failures="0" timestamp="04 Dec 2020 13:16:41 GMT" time="87.016" errors="0">
  <testcase name="dropdownTest" time="87.016" classname="com.qa.SelectDropdown.WithoutUsingSelect"/>
</testsuite> <!-- com.qa.SelectDropdown.WithoutUsingSelect -->
