<?xml version="1.0" encoding="UTF-8"?>
<!-- Generated by org.testng.reporters.JUnitReportReporter -->
<testsuite skipped="0" hostname="Riyaz" name="com.qa.SelectDropdown.GetFirstselectedoption" tests="1" failures="0" timestamp="25 Nov 2020 12:26:49 GMT" time="32.439" errors="0">
  <testcase name="selectclause" time="32.439" classname="com.qa.SelectDropdown.GetFirstselectedoption"/>
</testsuite> <!-- com.qa.SelectDropdown.GetFirstselectedoption -->
