<?xml version="1.0" encoding="UTF-8"?>
<!-- Generated by org.testng.reporters.JUnitReportReporter -->
<testsuite skipped="0" hostname="Riyaz" name="com.qa.SelectDropdown.isMutliple" tests="1" failures="0" timestamp="25 Nov 2020 12:06:11 GMT" time="67.378" errors="0">
  <testcase name="selectclause" time="67.378" classname="com.qa.SelectDropdown.isMutliple"/>
</testsuite> <!-- com.qa.SelectDropdown.isMutliple -->
