<?xml version="1.0" encoding="UTF-8"?>
<!-- Generated by org.testng.reporters.JUnitReportReporter -->
<testsuite skipped="0" hostname="Riyaz" name="com.qa.SelectDropdown.DropDown" tests="3" failures="0" timestamp="29 Oct 2020 07:03:36 GMT" time="408.273" errors="0">
  <testcase name="dropdownTest" time="169.562" classname="com.qa.SelectDropdown.DropDown"/>
  <testcase name="dropdownTest2" time="154.689" classname="com.qa.SelectDropdown.DropDown"/>
  <testcase name="dropdownTest3" time="84.022" classname="com.qa.SelectDropdown.DropDown"/>
</testsuite> <!-- com.qa.SelectDropdown.DropDown -->
