<?xml version="1.0" encoding="UTF-8"?>
<!-- Generated by org.testng.reporters.JUnitReportReporter -->
<testsuite skipped="0" hostname="Riyaz" name="com.qa.SelectDropdown.getAllSelectedoptions" tests="1" failures="0" timestamp="25 Nov 2020 12:36:52 GMT" time="36.298" errors="0">
  <testcase name="selectclause" time="36.298" classname="com.qa.SelectDropdown.getAllSelectedoptions"/>
</testsuite> <!-- com.qa.SelectDropdown.getAllSelectedoptions -->
