<?xml version="1.0" encoding="UTF-8"?>
<!-- Generated by org.testng.reporters.JUnitReportReporter -->
<testsuite skipped="0" hostname="Riyaz" name="com.qa.SelectDropdown.MultiSelect" tests="1" failures="0" timestamp="25 Nov 2020 11:22:42 GMT" time="63.965" errors="0">
  <testcase name="selectclause" time="63.965" classname="com.qa.SelectDropdown.MultiSelect"/>
</testsuite> <!-- com.qa.SelectDropdown.MultiSelect -->
